nohup: ignoring input
 * Serving Flask app 'app'
 * Debug mode: on
[31m[1mWARNING: This is a development server. Do not use it in a production deployment. Use a production WSGI server instead.[0m
 * Running on http://127.0.0.1:5000
[33mPress CTRL+C to quit[0m
 * Restarting with stat
 * Debugger is active!
 * Debugger PIN: 813-779-425
127.0.0.1 - - [03/Dec/2025 16:12:32] "[31m[1mPOST /login HTTP/1.1[0m" 401 -
 * Detected change in '/workspaces/railway-reservation-system-/test_flow.py', reloading
 * Restarting with stat
 * Debugger is active!
 * Debugger PIN: 813-779-425
 * Detected change in '/workspaces/railway-reservation-system-/test_flow.py', reloading
 * Restarting with stat
 * Debugger is active!
 * Debugger PIN: 813-779-425
127.0.0.1 - - [03/Dec/2025 16:14:00] "[32mPOST /login HTTP/1.1[0m" 302 -
/workspaces/railway-reservation-system-/app.py:24: LegacyAPIWarning: The Query.get() method is considered legacy as of the 1.x series of SQLAlchemy and becomes a legacy construct in 2.0. The method is now available as Session.get() (deprecated since: 2.0) (Background on SQLAlchemy 2.0 at: https://sqlalche.me/e/b8d9)
  return User.query.get(int(user_id))
127.0.0.1 - - [03/Dec/2025 16:14:00] "GET /home HTTP/1.1" 200 -
127.0.0.1 - - [03/Dec/2025 16:14:00] "GET /trains HTTP/1.1" 200 -
127.0.0.1 - - [03/Dec/2025 16:14:00] "GET /train/1 HTTP/1.1" 200 -
127.0.0.1 - - [03/Dec/2025 16:14:00] "[32mPOST /book/1 HTTP/1.1[0m" 302 -
/workspaces/railway-reservation-system-/app.py:238: LegacyAPIWarning: The Query.get() method is considered legacy as of the 1.x series of SQLAlchemy and becomes a legacy construct in 2.0. The method is now available as Session.get() (deprecated since: 2.0) (Background on SQLAlchemy 2.0 at: https://sqlalche.me/e/b8d9)
  train = Train.query.get(booking.train_id)
127.0.0.1 - - [03/Dec/2025 16:14:00] "GET /payment/3IE2NGXEL6 HTTP/1.1" 200 -
127.0.0.1 - - [03/Dec/2025 16:14:00] "[32mPOST /payment/3IE2NGXEL6 HTTP/1.1[0m" 302 -
/workspaces/railway-reservation-system-/app.py:270: LegacyAPIWarning: The Query.get() method is considered legacy as of the 1.x series of SQLAlchemy and becomes a legacy construct in 2.0. The method is now available as Session.get() (deprecated since: 2.0) (Background on SQLAlchemy 2.0 at: https://sqlalche.me/e/b8d9)
  train = Train.query.get(booking.train_id)
127.0.0.1 - - [03/Dec/2025 16:14:00] "GET /booking/3IE2NGXEL6 HTTP/1.1" 200 -
127.0.0.1 - - [03/Dec/2025 16:14:47] "GET / HTTP/1.1" 200 -
127.0.0.1 - - [03/Dec/2025 16:15:02] "GET /login HTTP/1.1" 200 -
127.0.0.1 - - [03/Dec/2025 16:15:06] "[32mPOST /login HTTP/1.1[0m" 302 -
127.0.0.1 - - [03/Dec/2025 16:15:06] "GET /home HTTP/1.1" 200 -
127.0.0.1 - - [03/Dec/2025 16:15:35] "GET / HTTP/1.1" 200 -
 * Detected change in '/workspaces/railway-reservation-system-/models.py', reloading
 * Restarting with stat
 * Debugger is active!
 * Debugger PIN: 813-779-425
 * Detected change in '/workspaces/railway-reservation-system-/models.py', reloading
 * Restarting with stat
 * Debugger is active!
 * Debugger PIN: 813-779-425
 * Detected change in '/workspaces/railway-reservation-system-/seed_data.py', reloading
 * Restarting with stat
 * Debugger is active!
 * Debugger PIN: 813-779-425
 * Detected change in '/workspaces/railway-reservation-system-/seed_data.py', reloading
 * Restarting with stat
 * Debugger is active!
 * Debugger PIN: 813-779-425
 * Detected change in '/workspaces/railway-reservation-system-/app.py', reloading
 * Restarting with stat
 * Debugger is active!
 * Debugger PIN: 813-779-425
 * Detected change in '/workspaces/railway-reservation-system-/app.py', reloading
 * Restarting with stat
 * Debugger is active!
 * Debugger PIN: 813-779-425
 * Detected change in '/workspaces/railway-reservation-system-/app.py', reloading
 * Restarting with stat
 * Debugger is active!
 * Debugger PIN: 813-779-425
 * Detected change in '/workspaces/railway-reservation-system-/app.py', reloading
 * Restarting with stat
 * Debugger is active!
 * Debugger PIN: 813-779-425
 * Detected change in '/workspaces/railway-reservation-system-/app.py', reloading
 * Restarting with stat
 * Debugger is active!
 * Debugger PIN: 813-779-425
 * Detected change in '/workspaces/railway-reservation-system-/app.py', reloading
 * Restarting with stat
 * Debugger is active!
 * Debugger PIN: 813-779-425
 * Detected change in '/workspaces/railway-reservation-system-/app.py', reloading
 * Restarting with stat
 * Debugger is active!
 * Debugger PIN: 813-779-425
 * Detected change in '/workspaces/railway-reservation-system-/app.py', reloading
 * Restarting with stat
 * Debugger is active!
 * Debugger PIN: 813-779-425
 * Detected change in '/workspaces/railway-reservation-system-/test_all_trains.py', reloading
 * Restarting with stat
 * Debugger is active!
 * Debugger PIN: 813-779-425
 * Detected change in '/workspaces/railway-reservation-system-/test_all_trains.py', reloading
 * Restarting with stat
 * Debugger is active!
 * Debugger PIN: 813-779-425
127.0.0.1 - - [03/Dec/2025 16:30:28] "[32mPOST /login HTTP/1.1[0m" 302 -
/workspaces/railway-reservation-system-/app.py:27: LegacyAPIWarning: The Query.get() method is considered legacy as of the 1.x series of SQLAlchemy and becomes a legacy construct in 2.0. The method is now available as Session.get() (deprecated since: 2.0) (Background on SQLAlchemy 2.0 at: https://sqlalche.me/e/b8d9)
  return User.query.get(int(user_id))
127.0.0.1 - - [03/Dec/2025 16:30:28] "GET /home HTTP/1.1" 200 -
127.0.0.1 - - [03/Dec/2025 16:30:28] "GET /trains HTTP/1.1" 200 -
127.0.0.1 - - [03/Dec/2025 16:30:28] "GET /train/1 HTTP/1.1" 200 -
127.0.0.1 - - [03/Dec/2025 16:30:28] "[32mPOST /book/1 HTTP/1.1[0m" 302 -
/workspaces/railway-reservation-system-/app.py:371: LegacyAPIWarning: The Query.get() method is considered legacy as of the 1.x series of SQLAlchemy and becomes a legacy construct in 2.0. The method is now available as Session.get() (deprecated since: 2.0) (Background on SQLAlchemy 2.0 at: https://sqlalche.me/e/b8d9)
  train = Train.query.get(booking.train_id)
127.0.0.1 - - [03/Dec/2025 16:30:28] "GET /payment/D02HTCBXCB HTTP/1.1" 200 -
127.0.0.1 - - [03/Dec/2025 16:30:28] "[32mPOST /payment/D02HTCBXCB HTTP/1.1[0m" 302 -
/workspaces/railway-reservation-system-/app.py:403: LegacyAPIWarning: The Query.get() method is considered legacy as of the 1.x series of SQLAlchemy and becomes a legacy construct in 2.0. The method is now available as Session.get() (deprecated since: 2.0) (Background on SQLAlchemy 2.0 at: https://sqlalche.me/e/b8d9)
  train = Train.query.get(booking.train_id)
127.0.0.1 - - [03/Dec/2025 16:30:28] "GET /booking/D02HTCBXCB HTTP/1.1" 200 -
127.0.0.1 - - [03/Dec/2025 16:30:28] "GET /menu HTTP/1.1" 200 -
127.0.0.1 - - [03/Dec/2025 16:30:28] "POST /order_food HTTP/1.1" 200 -
127.0.0.1 - - [03/Dec/2025 16:30:28] "GET /order_history HTTP/1.1" 200 -
127.0.0.1 - - [03/Dec/2025 16:30:28] "GET /train/2 HTTP/1.1" 200 -
127.0.0.1 - - [03/Dec/2025 16:30:28] "[32mPOST /book/2 HTTP/1.1[0m" 302 -
127.0.0.1 - - [03/Dec/2025 16:30:28] "GET /payment/EKWV3G9M62 HTTP/1.1" 200 -
127.0.0.1 - - [03/Dec/2025 16:30:28] "[32mPOST /payment/EKWV3G9M62 HTTP/1.1[0m" 302 -
127.0.0.1 - - [03/Dec/2025 16:30:28] "GET /booking/EKWV3G9M62 HTTP/1.1" 200 -
127.0.0.1 - - [03/Dec/2025 16:30:28] "GET /menu HTTP/1.1" 200 -
127.0.0.1 - - [03/Dec/2025 16:30:28] "POST /order_food HTTP/1.1" 200 -
127.0.0.1 - - [03/Dec/2025 16:30:28] "GET /order_history HTTP/1.1" 200 -
127.0.0.1 - - [03/Dec/2025 16:38:46] "GET / HTTP/1.1" 200 -
127.0.0.1 - - [03/Dec/2025 16:38:46] "[33mGET /style.css HTTP/1.1[0m" 404 -
127.0.0.1 - - [03/Dec/2025 16:42:07] "GET / HTTP/1.1" 200 -
127.0.0.1 - - [03/Dec/2025 16:42:08] "[33mGET /style.css HTTP/1.1[0m" 404 -
127.0.0.1 - - [03/Dec/2025 16:42:18] "GET /login HTTP/1.1" 200 -
127.0.0.1 - - [03/Dec/2025 16:42:20] "GET /login HTTP/1.1" 200 -
127.0.0.1 - - [03/Dec/2025 16:42:22] "[32mPOST /login HTTP/1.1[0m" 302 -
127.0.0.1 - - [03/Dec/2025 16:42:24] "GET /home HTTP/1.1" 200 -
127.0.0.1 - - [03/Dec/2025 16:42:25] "[33mGET /style.css HTTP/1.1[0m" 404 -
127.0.0.1 - - [03/Dec/2025 16:42:25] "GET /menu HTTP/1.1" 200 -
127.0.0.1 - - [03/Dec/2025 16:44:20] "GET /book/1 HTTP/1.1" 200 -
127.0.0.1 - - [03/Dec/2025 16:44:20] "[33mGET /style.css HTTP/1.1[0m" 404 -
127.0.0.1 - - [03/Dec/2025 16:44:49] "GET /book/1 HTTP/1.1" 200 -
127.0.0.1 - - [03/Dec/2025 16:44:51] "[33mGET /style.css HTTP/1.1[0m" 404 -
127.0.0.1 - - [03/Dec/2025 16:47:15] "[32mGET /logout HTTP/1.1[0m" 302 -
127.0.0.1 - - [03/Dec/2025 16:47:16] "GET / HTTP/1.1" 200 -
127.0.0.1 - - [03/Dec/2025 16:47:16] "[33mGET /style.css HTTP/1.1[0m" 404 -
127.0.0.1 - - [03/Dec/2025 16:52:05] "GET / HTTP/1.1" 200 -
127.0.0.1 - - [03/Dec/2025 16:52:12] "[33mGET /style.css HTTP/1.1[0m" 404 -
127.0.0.1 - - [03/Dec/2025 16:54:28] "GET /login HTTP/1.1" 200 -
127.0.0.1 - - [03/Dec/2025 16:54:34] "[32mPOST /login HTTP/1.1[0m" 302 -
127.0.0.1 - - [03/Dec/2025 16:54:35] "[35m[1mGET /home HTTP/1.1[0m" 500 -
Traceback (most recent call last):
  File "/workspaces/railway-reservation-system-/.venv/lib/python3.12/site-packages/flask/app.py", line 2213, in __call__
    return self.wsgi_app(environ, start_response)
           ^^^^^^^^^^^^^^^^^^^^^^^^^^^^^^^^^^^^^^
  File "/workspaces/railway-reservation-system-/.venv/lib/python3.12/site-packages/flask/app.py", line 2193, in wsgi_app
    response = self.handle_exception(e)
               ^^^^^^^^^^^^^^^^^^^^^^^^
  File "/workspaces/railway-reservation-system-/.venv/lib/python3.12/site-packages/flask/app.py", line 2190, in wsgi_app
    response = self.full_dispatch_request()
               ^^^^^^^^^^^^^^^^^^^^^^^^^^^^
  File "/workspaces/railway-reservation-system-/.venv/lib/python3.12/site-packages/flask/app.py", line 1486, in full_dispatch_request
    rv = self.handle_user_exception(e)
         ^^^^^^^^^^^^^^^^^^^^^^^^^^^^^
  File "/workspaces/railway-reservation-system-/.venv/lib/python3.12/site-packages/flask/app.py", line 1484, in full_dispatch_request
    rv = self.dispatch_request()
         ^^^^^^^^^^^^^^^^^^^^^^^
  File "/workspaces/railway-reservation-system-/.venv/lib/python3.12/site-packages/flask/app.py", line 1469, in dispatch_request
    return self.ensure_sync(self.view_functions[rule.endpoint])(**view_args)
           ^^^^^^^^^^^^^^^^^^^^^^^^^^^^^^^^^^^^^^^^^^^^^^^^^^^^^^^^^^^^^^^^^
  File "/workspaces/railway-reservation-system-/.venv/lib/python3.12/site-packages/flask_login/utils.py", line 290, in decorated_view
    return current_app.ensure_sync(func)(*args, **kwargs)
           ^^^^^^^^^^^^^^^^^^^^^^^^^^^^^^^^^^^^^^^^^^^^^^
  File "/workspaces/railway-reservation-system-/app.py", line 39, in home
    return render_template('home.html', trains=trains)
           ^^^^^^^^^^^^^^^^^^^^^^^^^^^^^^^^^^^^^^^^^^^
  File "/workspaces/railway-reservation-system-/.venv/lib/python3.12/site-packages/flask/templating.py", line 150, in render_template
    template = app.jinja_env.get_or_select_template(template_name_or_list)
               ^^^^^^^^^^^^^^^^^^^^^^^^^^^^^^^^^^^^^^^^^^^^^^^^^^^^^^^^^^^
  File "/workspaces/railway-reservation-system-/.venv/lib/python3.12/site-packages/jinja2/environment.py", line 1087, in get_or_select_template
    return self.get_template(template_name_or_list, parent, globals)
           ^^^^^^^^^^^^^^^^^^^^^^^^^^^^^^^^^^^^^^^^^^^^^^^^^^^^^^^^^
  File "/workspaces/railway-reservation-system-/.venv/lib/python3.12/site-packages/jinja2/environment.py", line 1016, in get_template
    return self._load_template(name, globals)
           ^^^^^^^^^^^^^^^^^^^^^^^^^^^^^^^^^^
  File "/workspaces/railway-reservation-system-/.venv/lib/python3.12/site-packages/jinja2/environment.py", line 975, in _load_template
    template = self.loader.load(self, name, self.make_globals(globals))
               ^^^^^^^^^^^^^^^^^^^^^^^^^^^^^^^^^^^^^^^^^^^^^^^^^^^^^^^^
  File "/workspaces/railway-reservation-system-/.venv/lib/python3.12/site-packages/jinja2/loaders.py", line 138, in load
    code = environment.compile(source, name, filename)
           ^^^^^^^^^^^^^^^^^^^^^^^^^^^^^^^^^^^^^^^^^^^
  File "/workspaces/railway-reservation-system-/.venv/lib/python3.12/site-packages/jinja2/environment.py", line 771, in compile
    self.handle_exception(source=source_hint)
  File "/workspaces/railway-reservation-system-/.venv/lib/python3.12/site-packages/jinja2/environment.py", line 942, in handle_exception
    raise rewrite_traceback_stack(source=source)
  File "/workspaces/railway-reservation-system-/templates/home.html", line 152, in template
    {% else %}
jinja2.exceptions.TemplateSyntaxError: Encountered unknown tag 'else'.
127.0.0.1 - - [03/Dec/2025 16:54:36] "GET /home?__debugger__=yes&cmd=resource&f=style.css HTTP/1.1" 200 -
127.0.0.1 - - [03/Dec/2025 16:54:36] "GET /home?__debugger__=yes&cmd=resource&f=debugger.js HTTP/1.1" 200 -
127.0.0.1 - - [03/Dec/2025 16:54:39] "GET /home?__debugger__=yes&cmd=resource&f=console.png HTTP/1.1" 200 -
127.0.0.1 - - [03/Dec/2025 16:54:39] "[36mGET /home?__debugger__=yes&cmd=resource&f=console.png HTTP/1.1[0m" 304 -
127.0.0.1 - - [03/Dec/2025 16:54:44] "GET /login HTTP/1.1" 200 -
127.0.0.1 - - [03/Dec/2025 16:54:51] "GET / HTTP/1.1" 200 -
127.0.0.1 - - [03/Dec/2025 16:54:56] "[32mPOST /login HTTP/1.1[0m" 302 -
127.0.0.1 - - [03/Dec/2025 16:54:57] "[35m[1mGET /home HTTP/1.1[0m" 500 -
Traceback (most recent call last):
  File "/workspaces/railway-reservation-system-/.venv/lib/python3.12/site-packages/flask/app.py", line 2213, in __call__
    return self.wsgi_app(environ, start_response)
           ^^^^^^^^^^^^^^^^^^^^^^^^^^^^^^^^^^^^^^
  File "/workspaces/railway-reservation-system-/.venv/lib/python3.12/site-packages/flask/app.py", line 2193, in wsgi_app
    response = self.handle_exception(e)
               ^^^^^^^^^^^^^^^^^^^^^^^^
  File "/workspaces/railway-reservation-system-/.venv/lib/python3.12/site-packages/flask/app.py", line 2190, in wsgi_app
    response = self.full_dispatch_request()
               ^^^^^^^^^^^^^^^^^^^^^^^^^^^^
  File "/workspaces/railway-reservation-system-/.venv/lib/python3.12/site-packages/flask/app.py", line 1486, in full_dispatch_request
    rv = self.handle_user_exception(e)
         ^^^^^^^^^^^^^^^^^^^^^^^^^^^^^
  File "/workspaces/railway-reservation-system-/.venv/lib/python3.12/site-packages/flask/app.py", line 1484, in full_dispatch_request
    rv = self.dispatch_request()
         ^^^^^^^^^^^^^^^^^^^^^^^
  File "/workspaces/railway-reservation-system-/.venv/lib/python3.12/site-packages/flask/app.py", line 1469, in dispatch_request
    return self.ensure_sync(self.view_functions[rule.endpoint])(**view_args)
           ^^^^^^^^^^^^^^^^^^^^^^^^^^^^^^^^^^^^^^^^^^^^^^^^^^^^^^^^^^^^^^^^^
  File "/workspaces/railway-reservation-system-/.venv/lib/python3.12/site-packages/flask_login/utils.py", line 290, in decorated_view
    return current_app.ensure_sync(func)(*args, **kwargs)
           ^^^^^^^^^^^^^^^^^^^^^^^^^^^^^^^^^^^^^^^^^^^^^^
  File "/workspaces/railway-reservation-system-/app.py", line 39, in home
    return render_template('home.html', trains=trains)
           ^^^^^^^^^^^^^^^^^^^^^^^^^^^^^^^^^^^^^^^^^^^
  File "/workspaces/railway-reservation-system-/.venv/lib/python3.12/site-packages/flask/templating.py", line 150, in render_template
    template = app.jinja_env.get_or_select_template(template_name_or_list)
               ^^^^^^^^^^^^^^^^^^^^^^^^^^^^^^^^^^^^^^^^^^^^^^^^^^^^^^^^^^^
  File "/workspaces/railway-reservation-system-/.venv/lib/python3.12/site-packages/jinja2/environment.py", line 1087, in get_or_select_template
    return self.get_template(template_name_or_list, parent, globals)
           ^^^^^^^^^^^^^^^^^^^^^^^^^^^^^^^^^^^^^^^^^^^^^^^^^^^^^^^^^
  File "/workspaces/railway-reservation-system-/.venv/lib/python3.12/site-packages/jinja2/environment.py", line 1016, in get_template
    return self._load_template(name, globals)
           ^^^^^^^^^^^^^^^^^^^^^^^^^^^^^^^^^^
  File "/workspaces/railway-reservation-system-/.venv/lib/python3.12/site-packages/jinja2/environment.py", line 975, in _load_template
    template = self.loader.load(self, name, self.make_globals(globals))
               ^^^^^^^^^^^^^^^^^^^^^^^^^^^^^^^^^^^^^^^^^^^^^^^^^^^^^^^^
  File "/workspaces/railway-reservation-system-/.venv/lib/python3.12/site-packages/jinja2/loaders.py", line 138, in load
    code = environment.compile(source, name, filename)
           ^^^^^^^^^^^^^^^^^^^^^^^^^^^^^^^^^^^^^^^^^^^
  File "/workspaces/railway-reservation-system-/.venv/lib/python3.12/site-packages/jinja2/environment.py", line 771, in compile
    self.handle_exception(source=source_hint)
  File "/workspaces/railway-reservation-system-/.venv/lib/python3.12/site-packages/jinja2/environment.py", line 942, in handle_exception
    raise rewrite_traceback_stack(source=source)
  File "/workspaces/railway-reservation-system-/templates/home.html", line 152, in template
    {% else %}
jinja2.exceptions.TemplateSyntaxError: Encountered unknown tag 'else'.
127.0.0.1 - - [03/Dec/2025 16:55:00] "[36mGET /home?__debugger__=yes&cmd=resource&f=style.css HTTP/1.1[0m" 304 -
127.0.0.1 - - [03/Dec/2025 16:55:00] "[36mGET /home?__debugger__=yes&cmd=resource&f=debugger.js HTTP/1.1[0m" 304 -
127.0.0.1 - - [03/Dec/2025 16:55:14] "[36mGET /home?__debugger__=yes&cmd=resource&f=console.png HTTP/1.1[0m" 304 -
127.0.0.1 - - [03/Dec/2025 16:55:22] "GET /login HTTP/1.1" 200 -
127.0.0.1 - - [03/Dec/2025 16:55:27] "[32mPOST /login HTTP/1.1[0m" 302 -
127.0.0.1 - - [03/Dec/2025 16:55:27] "[35m[1mGET /home HTTP/1.1[0m" 500 -
Traceback (most recent call last):
  File "/workspaces/railway-reservation-system-/.venv/lib/python3.12/site-packages/flask/app.py", line 2213, in __call__
    return self.wsgi_app(environ, start_response)
           ^^^^^^^^^^^^^^^^^^^^^^^^^^^^^^^^^^^^^^
  File "/workspaces/railway-reservation-system-/.venv/lib/python3.12/site-packages/flask/app.py", line 2193, in wsgi_app
    response = self.handle_exception(e)
               ^^^^^^^^^^^^^^^^^^^^^^^^
  File "/workspaces/railway-reservation-system-/.venv/lib/python3.12/site-packages/flask/app.py", line 2190, in wsgi_app
    response = self.full_dispatch_request()
               ^^^^^^^^^^^^^^^^^^^^^^^^^^^^
  File "/workspaces/railway-reservation-system-/.venv/lib/python3.12/site-packages/flask/app.py", line 1486, in full_dispatch_request
    rv = self.handle_user_exception(e)
         ^^^^^^^^^^^^^^^^^^^^^^^^^^^^^
  File "/workspaces/railway-reservation-system-/.venv/lib/python3.12/site-packages/flask/app.py", line 1484, in full_dispatch_request
    rv = self.dispatch_request()
         ^^^^^^^^^^^^^^^^^^^^^^^
  File "/workspaces/railway-reservation-system-/.venv/lib/python3.12/site-packages/flask/app.py", line 1469, in dispatch_request
    return self.ensure_sync(self.view_functions[rule.endpoint])(**view_args)
           ^^^^^^^^^^^^^^^^^^^^^^^^^^^^^^^^^^^^^^^^^^^^^^^^^^^^^^^^^^^^^^^^^
  File "/workspaces/railway-reservation-system-/.venv/lib/python3.12/site-packages/flask_login/utils.py", line 290, in decorated_view
    return current_app.ensure_sync(func)(*args, **kwargs)
           ^^^^^^^^^^^^^^^^^^^^^^^^^^^^^^^^^^^^^^^^^^^^^^
  File "/workspaces/railway-reservation-system-/app.py", line 39, in home
    return render_template('home.html', trains=trains)
           ^^^^^^^^^^^^^^^^^^^^^^^^^^^^^^^^^^^^^^^^^^^
  File "/workspaces/railway-reservation-system-/.venv/lib/python3.12/site-packages/flask/templating.py", line 150, in render_template
    template = app.jinja_env.get_or_select_template(template_name_or_list)
               ^^^^^^^^^^^^^^^^^^^^^^^^^^^^^^^^^^^^^^^^^^^^^^^^^^^^^^^^^^^
  File "/workspaces/railway-reservation-system-/.venv/lib/python3.12/site-packages/jinja2/environment.py", line 1087, in get_or_select_template
    return self.get_template(template_name_or_list, parent, globals)
           ^^^^^^^^^^^^^^^^^^^^^^^^^^^^^^^^^^^^^^^^^^^^^^^^^^^^^^^^^
  File "/workspaces/railway-reservation-system-/.venv/lib/python3.12/site-packages/jinja2/environment.py", line 1016, in get_template
    return self._load_template(name, globals)
           ^^^^^^^^^^^^^^^^^^^^^^^^^^^^^^^^^^
  File "/workspaces/railway-reservation-system-/.venv/lib/python3.12/site-packages/jinja2/environment.py", line 975, in _load_template
    template = self.loader.load(self, name, self.make_globals(globals))
               ^^^^^^^^^^^^^^^^^^^^^^^^^^^^^^^^^^^^^^^^^^^^^^^^^^^^^^^^
  File "/workspaces/railway-reservation-system-/.venv/lib/python3.12/site-packages/jinja2/loaders.py", line 138, in load
    code = environment.compile(source, name, filename)
           ^^^^^^^^^^^^^^^^^^^^^^^^^^^^^^^^^^^^^^^^^^^
  File "/workspaces/railway-reservation-system-/.venv/lib/python3.12/site-packages/jinja2/environment.py", line 771, in compile
    self.handle_exception(source=source_hint)
  File "/workspaces/railway-reservation-system-/.venv/lib/python3.12/site-packages/jinja2/environment.py", line 942, in handle_exception
    raise rewrite_traceback_stack(source=source)
  File "/workspaces/railway-reservation-system-/templates/home.html", line 152, in template
    {% else %}
jinja2.exceptions.TemplateSyntaxError: Encountered unknown tag 'else'.
127.0.0.1 - - [03/Dec/2025 16:55:29] "[36mGET /home?__debugger__=yes&cmd=resource&f=style.css HTTP/1.1[0m" 304 -
127.0.0.1 - - [03/Dec/2025 16:55:29] "[36mGET /home?__debugger__=yes&cmd=resource&f=debugger.js HTTP/1.1[0m" 304 -
127.0.0.1 - - [03/Dec/2025 16:55:33] "[36mGET /home?__debugger__=yes&cmd=resource&f=console.png HTTP/1.1[0m" 304 -
127.0.0.1 - - [03/Dec/2025 16:55:49] "GET /login HTTP/1.1" 200 -
127.0.0.1 - - [03/Dec/2025 16:55:53] "[32mPOST /login HTTP/1.1[0m" 302 -
127.0.0.1 - - [03/Dec/2025 16:55:53] "[35m[1mGET /home HTTP/1.1[0m" 500 -
Traceback (most recent call last):
  File "/workspaces/railway-reservation-system-/.venv/lib/python3.12/site-packages/flask/app.py", line 2213, in __call__
    return self.wsgi_app(environ, start_response)
           ^^^^^^^^^^^^^^^^^^^^^^^^^^^^^^^^^^^^^^
  File "/workspaces/railway-reservation-system-/.venv/lib/python3.12/site-packages/flask/app.py", line 2193, in wsgi_app
    response = self.handle_exception(e)
               ^^^^^^^^^^^^^^^^^^^^^^^^
  File "/workspaces/railway-reservation-system-/.venv/lib/python3.12/site-packages/flask/app.py", line 2190, in wsgi_app
    response = self.full_dispatch_request()
               ^^^^^^^^^^^^^^^^^^^^^^^^^^^^
  File "/workspaces/railway-reservation-system-/.venv/lib/python3.12/site-packages/flask/app.py", line 1486, in full_dispatch_request
    rv = self.handle_user_exception(e)
         ^^^^^^^^^^^^^^^^^^^^^^^^^^^^^
  File "/workspaces/railway-reservation-system-/.venv/lib/python3.12/site-packages/flask/app.py", line 1484, in full_dispatch_request
    rv = self.dispatch_request()
         ^^^^^^^^^^^^^^^^^^^^^^^
  File "/workspaces/railway-reservation-system-/.venv/lib/python3.12/site-packages/flask/app.py", line 1469, in dispatch_request
    return self.ensure_sync(self.view_functions[rule.endpoint])(**view_args)
           ^^^^^^^^^^^^^^^^^^^^^^^^^^^^^^^^^^^^^^^^^^^^^^^^^^^^^^^^^^^^^^^^^
  File "/workspaces/railway-reservation-system-/.venv/lib/python3.12/site-packages/flask_login/utils.py", line 290, in decorated_view
    return current_app.ensure_sync(func)(*args, **kwargs)
           ^^^^^^^^^^^^^^^^^^^^^^^^^^^^^^^^^^^^^^^^^^^^^^
  File "/workspaces/railway-reservation-system-/app.py", line 39, in home
    return render_template('home.html', trains=trains)
           ^^^^^^^^^^^^^^^^^^^^^^^^^^^^^^^^^^^^^^^^^^^
  File "/workspaces/railway-reservation-system-/.venv/lib/python3.12/site-packages/flask/templating.py", line 150, in render_template
    template = app.jinja_env.get_or_select_template(template_name_or_list)
               ^^^^^^^^^^^^^^^^^^^^^^^^^^^^^^^^^^^^^^^^^^^^^^^^^^^^^^^^^^^
  File "/workspaces/railway-reservation-system-/.venv/lib/python3.12/site-packages/jinja2/environment.py", line 1087, in get_or_select_template
    return self.get_template(template_name_or_list, parent, globals)
           ^^^^^^^^^^^^^^^^^^^^^^^^^^^^^^^^^^^^^^^^^^^^^^^^^^^^^^^^^
  File "/workspaces/railway-reservation-system-/.venv/lib/python3.12/site-packages/jinja2/environment.py", line 1016, in get_template
    return self._load_template(name, globals)
           ^^^^^^^^^^^^^^^^^^^^^^^^^^^^^^^^^^
  File "/workspaces/railway-reservation-system-/.venv/lib/python3.12/site-packages/jinja2/environment.py", line 975, in _load_template
    template = self.loader.load(self, name, self.make_globals(globals))
               ^^^^^^^^^^^^^^^^^^^^^^^^^^^^^^^^^^^^^^^^^^^^^^^^^^^^^^^^
  File "/workspaces/railway-reservation-system-/.venv/lib/python3.12/site-packages/jinja2/loaders.py", line 138, in load
    code = environment.compile(source, name, filename)
           ^^^^^^^^^^^^^^^^^^^^^^^^^^^^^^^^^^^^^^^^^^^
  File "/workspaces/railway-reservation-system-/.venv/lib/python3.12/site-packages/jinja2/environment.py", line 771, in compile
    self.handle_exception(source=source_hint)
  File "/workspaces/railway-reservation-system-/.venv/lib/python3.12/site-packages/jinja2/environment.py", line 942, in handle_exception
    raise rewrite_traceback_stack(source=source)
  File "/workspaces/railway-reservation-system-/templates/home.html", line 152, in template
    {% else %}
jinja2.exceptions.TemplateSyntaxError: Encountered unknown tag 'else'.
127.0.0.1 - - [03/Dec/2025 16:55:54] "[36mGET /home?__debugger__=yes&cmd=resource&f=style.css HTTP/1.1[0m" 304 -
127.0.0.1 - - [03/Dec/2025 16:55:54] "[36mGET /home?__debugger__=yes&cmd=resource&f=debugger.js HTTP/1.1[0m" 304 -
127.0.0.1 - - [03/Dec/2025 16:55:56] "[36mGET /home?__debugger__=yes&cmd=resource&f=console.png HTTP/1.1[0m" 304 -
127.0.0.1 - - [03/Dec/2025 17:04:40] "GET / HTTP/1.1" 200 -
127.0.0.1 - - [03/Dec/2025 17:04:40] "[33mGET /style.css HTTP/1.1[0m" 404 -
127.0.0.1 - - [03/Dec/2025 17:04:50] "[32mPOST /login HTTP/1.1[0m" 302 -
127.0.0.1 - - [03/Dec/2025 17:04:50] "[35m[1mGET /home HTTP/1.1[0m" 500 -
Traceback (most recent call last):
  File "/workspaces/railway-reservation-system-/.venv/lib/python3.12/site-packages/flask/app.py", line 2213, in __call__
    return self.wsgi_app(environ, start_response)
           ^^^^^^^^^^^^^^^^^^^^^^^^^^^^^^^^^^^^^^
  File "/workspaces/railway-reservation-system-/.venv/lib/python3.12/site-packages/flask/app.py", line 2193, in wsgi_app
    response = self.handle_exception(e)
               ^^^^^^^^^^^^^^^^^^^^^^^^
  File "/workspaces/railway-reservation-system-/.venv/lib/python3.12/site-packages/flask/app.py", line 2190, in wsgi_app
    response = self.full_dispatch_request()
               ^^^^^^^^^^^^^^^^^^^^^^^^^^^^
  File "/workspaces/railway-reservation-system-/.venv/lib/python3.12/site-packages/flask/app.py", line 1486, in full_dispatch_request
    rv = self.handle_user_exception(e)
         ^^^^^^^^^^^^^^^^^^^^^^^^^^^^^
  File "/workspaces/railway-reservation-system-/.venv/lib/python3.12/site-packages/flask/app.py", line 1484, in full_dispatch_request
    rv = self.dispatch_request()
         ^^^^^^^^^^^^^^^^^^^^^^^
  File "/workspaces/railway-reservation-system-/.venv/lib/python3.12/site-packages/flask/app.py", line 1469, in dispatch_request
    return self.ensure_sync(self.view_functions[rule.endpoint])(**view_args)
           ^^^^^^^^^^^^^^^^^^^^^^^^^^^^^^^^^^^^^^^^^^^^^^^^^^^^^^^^^^^^^^^^^
  File "/workspaces/railway-reservation-system-/.venv/lib/python3.12/site-packages/flask_login/utils.py", line 290, in decorated_view
    return current_app.ensure_sync(func)(*args, **kwargs)
           ^^^^^^^^^^^^^^^^^^^^^^^^^^^^^^^^^^^^^^^^^^^^^^
  File "/workspaces/railway-reservation-system-/app.py", line 39, in home
    return render_template('home.html', trains=trains)
           ^^^^^^^^^^^^^^^^^^^^^^^^^^^^^^^^^^^^^^^^^^^
  File "/workspaces/railway-reservation-system-/.venv/lib/python3.12/site-packages/flask/templating.py", line 150, in render_template
    template = app.jinja_env.get_or_select_template(template_name_or_list)
               ^^^^^^^^^^^^^^^^^^^^^^^^^^^^^^^^^^^^^^^^^^^^^^^^^^^^^^^^^^^
  File "/workspaces/railway-reservation-system-/.venv/lib/python3.12/site-packages/jinja2/environment.py", line 1087, in get_or_select_template
    return self.get_template(template_name_or_list, parent, globals)
           ^^^^^^^^^^^^^^^^^^^^^^^^^^^^^^^^^^^^^^^^^^^^^^^^^^^^^^^^^
  File "/workspaces/railway-reservation-system-/.venv/lib/python3.12/site-packages/jinja2/environment.py", line 1016, in get_template
    return self._load_template(name, globals)
           ^^^^^^^^^^^^^^^^^^^^^^^^^^^^^^^^^^
  File "/workspaces/railway-reservation-system-/.venv/lib/python3.12/site-packages/jinja2/environment.py", line 975, in _load_template
    template = self.loader.load(self, name, self.make_globals(globals))
               ^^^^^^^^^^^^^^^^^^^^^^^^^^^^^^^^^^^^^^^^^^^^^^^^^^^^^^^^
  File "/workspaces/railway-reservation-system-/.venv/lib/python3.12/site-packages/jinja2/loaders.py", line 138, in load
    code = environment.compile(source, name, filename)
           ^^^^^^^^^^^^^^^^^^^^^^^^^^^^^^^^^^^^^^^^^^^
  File "/workspaces/railway-reservation-system-/.venv/lib/python3.12/site-packages/jinja2/environment.py", line 771, in compile
    self.handle_exception(source=source_hint)
  File "/workspaces/railway-reservation-system-/.venv/lib/python3.12/site-packages/jinja2/environment.py", line 942, in handle_exception
    raise rewrite_traceback_stack(source=source)
  File "/workspaces/railway-reservation-system-/templates/home.html", line 152, in template
    {% else %}
jinja2.exceptions.TemplateSyntaxError: Encountered unknown tag 'else'.
127.0.0.1 - - [03/Dec/2025 17:04:51] "[36mGET /home?__debugger__=yes&cmd=resource&f=style.css HTTP/1.1[0m" 304 -
127.0.0.1 - - [03/Dec/2025 17:04:51] "[36mGET /home?__debugger__=yes&cmd=resource&f=debugger.js HTTP/1.1[0m" 304 -
127.0.0.1 - - [03/Dec/2025 17:04:52] "[36mGET /home?__debugger__=yes&cmd=resource&f=console.png HTTP/1.1[0m" 304 -
127.0.0.1 - - [03/Dec/2025 17:06:38] "GET / HTTP/1.1" 200 -
127.0.0.1 - - [03/Dec/2025 17:07:47] "GET / HTTP/1.1" 200 -
127.0.0.1 - - [03/Dec/2025 17:08:05] "GET / HTTP/1.1" 200 -
127.0.0.1 - - [03/Dec/2025 17:08:05] "[33mGET /style.css HTTP/1.1[0m" 404 -
127.0.0.1 - - [03/Dec/2025 17:08:33] "[32mPOST /login HTTP/1.1[0m" 302 -
127.0.0.1 - - [03/Dec/2025 17:08:33] "[35m[1mGET /home HTTP/1.1[0m" 500 -
Traceback (most recent call last):
  File "/workspaces/railway-reservation-system-/.venv/lib/python3.12/site-packages/flask/app.py", line 2213, in __call__
    return self.wsgi_app(environ, start_response)
           ^^^^^^^^^^^^^^^^^^^^^^^^^^^^^^^^^^^^^^
  File "/workspaces/railway-reservation-system-/.venv/lib/python3.12/site-packages/flask/app.py", line 2193, in wsgi_app
    response = self.handle_exception(e)
               ^^^^^^^^^^^^^^^^^^^^^^^^
  File "/workspaces/railway-reservation-system-/.venv/lib/python3.12/site-packages/flask/app.py", line 2190, in wsgi_app
    response = self.full_dispatch_request()
               ^^^^^^^^^^^^^^^^^^^^^^^^^^^^
  File "/workspaces/railway-reservation-system-/.venv/lib/python3.12/site-packages/flask/app.py", line 1486, in full_dispatch_request
    rv = self.handle_user_exception(e)
         ^^^^^^^^^^^^^^^^^^^^^^^^^^^^^
  File "/workspaces/railway-reservation-system-/.venv/lib/python3.12/site-packages/flask/app.py", line 1484, in full_dispatch_request
    rv = self.dispatch_request()
         ^^^^^^^^^^^^^^^^^^^^^^^
  File "/workspaces/railway-reservation-system-/.venv/lib/python3.12/site-packages/flask/app.py", line 1469, in dispatch_request
    return self.ensure_sync(self.view_functions[rule.endpoint])(**view_args)
           ^^^^^^^^^^^^^^^^^^^^^^^^^^^^^^^^^^^^^^^^^^^^^^^^^^^^^^^^^^^^^^^^^
  File "/workspaces/railway-reservation-system-/.venv/lib/python3.12/site-packages/flask_login/utils.py", line 290, in decorated_view
    return current_app.ensure_sync(func)(*args, **kwargs)
           ^^^^^^^^^^^^^^^^^^^^^^^^^^^^^^^^^^^^^^^^^^^^^^
  File "/workspaces/railway-reservation-system-/app.py", line 39, in home
    return render_template('home.html', trains=trains)
           ^^^^^^^^^^^^^^^^^^^^^^^^^^^^^^^^^^^^^^^^^^^
  File "/workspaces/railway-reservation-system-/.venv/lib/python3.12/site-packages/flask/templating.py", line 150, in render_template
    template = app.jinja_env.get_or_select_template(template_name_or_list)
               ^^^^^^^^^^^^^^^^^^^^^^^^^^^^^^^^^^^^^^^^^^^^^^^^^^^^^^^^^^^
  File "/workspaces/railway-reservation-system-/.venv/lib/python3.12/site-packages/jinja2/environment.py", line 1087, in get_or_select_template
    return self.get_template(template_name_or_list, parent, globals)
           ^^^^^^^^^^^^^^^^^^^^^^^^^^^^^^^^^^^^^^^^^^^^^^^^^^^^^^^^^
  File "/workspaces/railway-reservation-system-/.venv/lib/python3.12/site-packages/jinja2/environment.py", line 1016, in get_template
    return self._load_template(name, globals)
           ^^^^^^^^^^^^^^^^^^^^^^^^^^^^^^^^^^
  File "/workspaces/railway-reservation-system-/.venv/lib/python3.12/site-packages/jinja2/environment.py", line 975, in _load_template
    template = self.loader.load(self, name, self.make_globals(globals))
               ^^^^^^^^^^^^^^^^^^^^^^^^^^^^^^^^^^^^^^^^^^^^^^^^^^^^^^^^
  File "/workspaces/railway-reservation-system-/.venv/lib/python3.12/site-packages/jinja2/loaders.py", line 138, in load
    code = environment.compile(source, name, filename)
           ^^^^^^^^^^^^^^^^^^^^^^^^^^^^^^^^^^^^^^^^^^^
  File "/workspaces/railway-reservation-system-/.venv/lib/python3.12/site-packages/jinja2/environment.py", line 771, in compile
    self.handle_exception(source=source_hint)
  File "/workspaces/railway-reservation-system-/.venv/lib/python3.12/site-packages/jinja2/environment.py", line 942, in handle_exception
    raise rewrite_traceback_stack(source=source)
  File "/workspaces/railway-reservation-system-/templates/home.html", line 152, in template
    {% else %}
jinja2.exceptions.TemplateSyntaxError: Encountered unknown tag 'else'.
127.0.0.1 - - [03/Dec/2025 17:08:35] "[36mGET /home?__debugger__=yes&cmd=resource&f=debugger.js HTTP/1.1[0m" 304 -
127.0.0.1 - - [03/Dec/2025 17:08:35] "[36mGET /home?__debugger__=yes&cmd=resource&f=style.css HTTP/1.1[0m" 304 -
127.0.0.1 - - [03/Dec/2025 17:08:35] "[36mGET /home?__debugger__=yes&cmd=resource&f=console.png HTTP/1.1[0m" 304 -
127.0.0.1 - - [03/Dec/2025 17:08:39] "[35m[1mGET /home HTTP/1.1[0m" 500 -
Traceback (most recent call last):
  File "/workspaces/railway-reservation-system-/.venv/lib/python3.12/site-packages/flask/app.py", line 2213, in __call__
    return self.wsgi_app(environ, start_response)
           ^^^^^^^^^^^^^^^^^^^^^^^^^^^^^^^^^^^^^^
  File "/workspaces/railway-reservation-system-/.venv/lib/python3.12/site-packages/flask/app.py", line 2193, in wsgi_app
    response = self.handle_exception(e)
               ^^^^^^^^^^^^^^^^^^^^^^^^
  File "/workspaces/railway-reservation-system-/.venv/lib/python3.12/site-packages/flask/app.py", line 2190, in wsgi_app
    response = self.full_dispatch_request()
               ^^^^^^^^^^^^^^^^^^^^^^^^^^^^
  File "/workspaces/railway-reservation-system-/.venv/lib/python3.12/site-packages/flask/app.py", line 1486, in full_dispatch_request
    rv = self.handle_user_exception(e)
         ^^^^^^^^^^^^^^^^^^^^^^^^^^^^^
  File "/workspaces/railway-reservation-system-/.venv/lib/python3.12/site-packages/flask/app.py", line 1484, in full_dispatch_request
    rv = self.dispatch_request()
         ^^^^^^^^^^^^^^^^^^^^^^^
  File "/workspaces/railway-reservation-system-/.venv/lib/python3.12/site-packages/flask/app.py", line 1469, in dispatch_request
    return self.ensure_sync(self.view_functions[rule.endpoint])(**view_args)
           ^^^^^^^^^^^^^^^^^^^^^^^^^^^^^^^^^^^^^^^^^^^^^^^^^^^^^^^^^^^^^^^^^
  File "/workspaces/railway-reservation-system-/.venv/lib/python3.12/site-packages/flask_login/utils.py", line 290, in decorated_view
    return current_app.ensure_sync(func)(*args, **kwargs)
           ^^^^^^^^^^^^^^^^^^^^^^^^^^^^^^^^^^^^^^^^^^^^^^
  File "/workspaces/railway-reservation-system-/app.py", line 39, in home
    return render_template('home.html', trains=trains)
           ^^^^^^^^^^^^^^^^^^^^^^^^^^^^^^^^^^^^^^^^^^^
  File "/workspaces/railway-reservation-system-/.venv/lib/python3.12/site-packages/flask/templating.py", line 150, in render_template
    template = app.jinja_env.get_or_select_template(template_name_or_list)
               ^^^^^^^^^^^^^^^^^^^^^^^^^^^^^^^^^^^^^^^^^^^^^^^^^^^^^^^^^^^
  File "/workspaces/railway-reservation-system-/.venv/lib/python3.12/site-packages/jinja2/environment.py", line 1087, in get_or_select_template
    return self.get_template(template_name_or_list, parent, globals)
           ^^^^^^^^^^^^^^^^^^^^^^^^^^^^^^^^^^^^^^^^^^^^^^^^^^^^^^^^^
  File "/workspaces/railway-reservation-system-/.venv/lib/python3.12/site-packages/jinja2/environment.py", line 1016, in get_template
    return self._load_template(name, globals)
           ^^^^^^^^^^^^^^^^^^^^^^^^^^^^^^^^^^
  File "/workspaces/railway-reservation-system-/.venv/lib/python3.12/site-packages/jinja2/environment.py", line 975, in _load_template
    template = self.loader.load(self, name, self.make_globals(globals))
               ^^^^^^^^^^^^^^^^^^^^^^^^^^^^^^^^^^^^^^^^^^^^^^^^^^^^^^^^
  File "/workspaces/railway-reservation-system-/.venv/lib/python3.12/site-packages/jinja2/loaders.py", line 138, in load
    code = environment.compile(source, name, filename)
           ^^^^^^^^^^^^^^^^^^^^^^^^^^^^^^^^^^^^^^^^^^^
  File "/workspaces/railway-reservation-system-/.venv/lib/python3.12/site-packages/jinja2/environment.py", line 771, in compile
    self.handle_exception(source=source_hint)
  File "/workspaces/railway-reservation-system-/.venv/lib/python3.12/site-packages/jinja2/environment.py", line 942, in handle_exception
    raise rewrite_traceback_stack(source=source)
  File "/workspaces/railway-reservation-system-/templates/home.html", line 152, in template
    {% else %}
jinja2.exceptions.TemplateSyntaxError: Encountered unknown tag 'else'.
127.0.0.1 - - [03/Dec/2025 17:08:41] "GET /home?__debugger__=yes&cmd=resource&f=debugger.js HTTP/1.1" 200 -
127.0.0.1 - - [03/Dec/2025 17:08:41] "GET /home?__debugger__=yes&cmd=resource&f=style.css HTTP/1.1" 200 -
127.0.0.1 - - [03/Dec/2025 17:08:42] "[36mGET /home?__debugger__=yes&cmd=resource&f=console.png HTTP/1.1[0m" 304 -
127.0.0.1 - - [03/Dec/2025 17:08:42] "[36mGET /home?__debugger__=yes&cmd=resource&f=console.png HTTP/1.1[0m" 304 -
